<?xml version="1.0" encoding="UTF-8"?>
<testng-results ignored="0" total="1" passed="1" failed="0" skipped="0">
  <reporter-output>
  </reporter-output>
  <suite started-at="2023-12-29T08:58:22 IST" name="Surefire suite" finished-at="2023-12-29T08:58:22 IST" duration-ms="56">
    <groups>
    </groups>
    <test started-at="2023-12-29T08:58:22 IST" name="Surefire test" finished-at="2023-12-29T08:58:22 IST" duration-ms="56">
      <class name="Cucumber.Automation.AppTest">
        <test-method signature="testApp()" started-at="2023-12-29T08:58:22 IST" name="testApp" finished-at="2023-12-29T08:58:22 IST" duration-ms="11" status="PASS">
          <reporter-output>
          </reporter-output>
        </test-method> <!-- testApp -->
      </class> <!-- Cucumber.Automation.AppTest -->
    </test> <!-- Surefire test -->
  </suite> <!-- Surefire suite -->
</testng-results>
